<?xml version="1.0" encoding="UTF-8"?>
<testng-results total="1" passed="1" failed="0" skipped="0">
  <reporter-output>
  </reporter-output>
  <suite started-at="2022-11-16T03:46:06Z" name="Default suite" finished-at="2022-11-16T03:47:33Z" duration-ms="87118">
    <groups>
    </groups>
    <test started-at="2022-11-16T03:46:06Z" name="Default test" finished-at="2022-11-16T03:47:33Z" duration-ms="87118">
      <class name="DetailValidation.validation">
        <test-method is-config="true" signature="classSetup()[pri:0, instance:DetailValidation.validation@4f3bbf68]" started-at="2022-11-16T09:16:06Z" name="classSetup" finished-at="2022-11-16T09:16:51Z" duration-ms="45118" status="PASS">
          <reporter-output>
          </reporter-output>
        </test-method> <!-- classSetup -->
        <test-method signature="verifingDetails()[pri:0, instance:DetailValidation.validation@4f3bbf68]" started-at="2022-11-16T09:16:51Z" name="verifingDetails" finished-at="2022-11-16T09:17:27Z" duration-ms="36648" status="PASS">
          <reporter-output>
          </reporter-output>
        </test-method> <!-- verifingDetails -->
        <test-method is-config="true" signature="classTearDown()[pri:0, instance:DetailValidation.validation@4f3bbf68]" started-at="2022-11-16T09:17:27Z" name="classTearDown" finished-at="2022-11-16T09:17:33Z" duration-ms="5331" status="PASS">
          <reporter-output>
          </reporter-output>
        </test-method> <!-- classTearDown -->
      </class> <!-- DetailValidation.validation -->
    </test> <!-- Default test -->
  </suite> <!-- Default suite -->
</testng-results>
